d:\docs\coding_projects\foo2y\foo2yy\debug\vc142.pdb
d:\docs\coding_projects\foo2y\foo2yy\debug\vc142.idb
d:\docs\coding_projects\foo2y\foo2yy\debug\team.obj
d:\docs\coding_projects\foo2y\foo2yy\debug\recyclebin.obj
d:\docs\coding_projects\foo2y\foo2yy\debug\main.obj
d:\docs\coding_projects\foo2y\foo2yy\debug\game.obj
d:\docs\coding_projects\foo2y\foo2yy\debug\field.obj
d:\docs\coding_projects\foo2y\foo2yy\debug\ball.obj
d:\docs\coding_projects\foo2y\foo2yy\debug\vcpkg.applocal.log
d:\docs\coding_projects\foo2y\foo2yy\debug\sfml-graphics-d-2.dll
d:\docs\coding_projects\foo2y\foo2yy\debug\sfml-window-d-2.dll
d:\docs\coding_projects\foo2y\foo2yy\debug\sfml-system-d-2.dll
d:\docs\coding_projects\foo2y\foo2yy\debug\freetyped.dll
d:\docs\coding_projects\foo2y\foo2yy\debug\zlibd1.dll
d:\docs\coding_projects\foo2y\foo2yy\debug\bz2d.dll
d:\docs\coding_projects\foo2y\foo2yy\debug\libpng16d.dll
d:\docs\coding_projects\foo2y\foo2yy\debug\foo2yy.ilk
d:\docs\coding_projects\foo2y\foo2yy\debug\foo2yy.exe
d:\docs\coding_projects\foo2y\foo2yy\debug\foo2yy.pdb
d:\docs\coding_projects\foo2y\foo2yy\debug\foo2yy.tlog\cl.command.1.tlog
d:\docs\coding_projects\foo2y\foo2yy\debug\foo2yy.tlog\cl.read.1.tlog
d:\docs\coding_projects\foo2y\foo2yy\debug\foo2yy.tlog\cl.write.1.tlog
d:\docs\coding_projects\foo2y\foo2yy\debug\foo2yy.tlog\foo2yy.write.1u.tlog
d:\docs\coding_projects\foo2y\foo2yy\debug\foo2yy.tlog\link.command.1.tlog
d:\docs\coding_projects\foo2y\foo2yy\debug\foo2yy.tlog\link.read.1.tlog
d:\docs\coding_projects\foo2y\foo2yy\debug\foo2yy.tlog\link.write.1.tlog
