  dda.cpp
  Source.cpp
E:\Docs\Study\5th Sem\Computer Graphics\Glew and Glut\freeglut\include\GL\freeglut_std.h(440,40): error C2065: 'GLenum': undeclared identifier (compiling source file dda.cpp)
E:\Docs\Study\5th Sem\Computer Graphics\Glew and Glut\freeglut\include\GL\freeglut_std.h(440,47): error C2146: syntax error: missing ')' before identifier 'layer' (compiling source file dda.cpp)
E:\Docs\Study\5th Sem\Computer Graphics\Glew and Glut\freeglut\include\GL\freeglut_std.h(499,35): error C2065: 'GLenum': undeclared identifier (compiling source file dda.cpp)
E:\Docs\Study\5th Sem\Computer Graphics\Glew and Glut\freeglut\include\GL\freeglut_std.h(499,42): error C2146: syntax error: missing ')' before identifier 'query' (compiling source file dda.cpp)
E:\Docs\Study\5th Sem\Computer Graphics\Glew and Glut\freeglut\include\GL\freeglut_std.h(500,41): error C2065: 'GLenum': undeclared identifier (compiling source file dda.cpp)
E:\Docs\Study\5th Sem\Computer Graphics\Glew and Glut\freeglut\include\GL\freeglut_std.h(500,48): error C2146: syntax error: missing ')' before identifier 'query' (compiling source file dda.cpp)
E:\Docs\Study\5th Sem\Computer Graphics\Glew and Glut\freeglut\include\GL\freeglut_std.h(502,40): error C2065: 'GLenum': undeclared identifier (compiling source file dda.cpp)
E:\Docs\Study\5th Sem\Computer Graphics\Glew and Glut\freeglut\include\GL\freeglut_std.h(502,47): error C2146: syntax error: missing ')' before identifier 'query' (compiling source file dda.cpp)
E:\Docs\Study\5th Sem\Computer Graphics\Glew and Glut\freeglut\include\GL\freeglut_std.h(517,40): error C2065: 'GLdouble': undeclared identifier (compiling source file dda.cpp)
E:\Docs\Study\5th Sem\Computer Graphics\Glew and Glut\freeglut\include\GL\freeglut_std.h(517,49): error C2146: syntax error: missing ')' before identifier 'size' (compiling source file dda.cpp)
E:\Docs\Study\5th Sem\Computer Graphics\Glew and Glut\freeglut\include\GL\freeglut_std.h(518,41): error C2065: 'GLdouble': undeclared identifier (compiling source file dda.cpp)
E:\Docs\Study\5th Sem\Computer Graphics\Glew and Glut\freeglut\include\GL\freeglut_std.h(518,50): error C2146: syntax error: missing ')' before identifier 'size' (compiling source file dda.cpp)
E:\Docs\Study\5th Sem\Computer Graphics\Glew and Glut\freeglut\include\GL\freeglut_std.h(519,42): error C2065: 'GLdouble': undeclared identifier (compiling source file dda.cpp)
E:\Docs\Study\5th Sem\Computer Graphics\Glew and Glut\freeglut\include\GL\freeglut_std.h(519,51): error C2146: syntax error: missing ')' before identifier 'radius' (compiling source file dda.cpp)
E:\Docs\Study\5th Sem\Computer Graphics\Glew and Glut\freeglut\include\GL\freeglut_std.h(520,43): error C2065: 'GLdouble': undeclared identifier (compiling source file dda.cpp)
E:\Docs\Study\5th Sem\Computer Graphics\Glew and Glut\freeglut\include\GL\freeglut_std.h(520,52): error C2146: syntax error: missing ')' before identifier 'radius' (compiling source file dda.cpp)
E:\Docs\Study\5th Sem\Computer Graphics\Glew and Glut\freeglut\include\GL\freeglut_std.h(521,40): error C2065: 'GLdouble': undeclared identifier (compiling source file dda.cpp)
E:\Docs\Study\5th Sem\Computer Graphics\Glew and Glut\freeglut\include\GL\freeglut_std.h(521,49): error C2146: syntax error: missing ')' before identifier 'base' (compiling source file dda.cpp)
E:\Docs\Study\5th Sem\Computer Graphics\Glew and Glut\freeglut\include\GL\freeglut_std.h(522,41): error C2065: 'GLdouble': undeclared identifier (compiling source file dda.cpp)
E:\Docs\Study\5th Sem\Computer Graphics\Glew and Glut\freeglut\include\GL\freeglut_std.h(522,50): error C2146: syntax error: missing ')' before identifier 'base' (compiling source file dda.cpp)
E:\Docs\Study\5th Sem\Computer Graphics\Glew and Glut\freeglut\include\GL\freeglut_std.h(524,41): error C2065: 'GLdouble': undeclared identifier (compiling source file dda.cpp)
E:\Docs\Study\5th Sem\Computer Graphics\Glew and Glut\freeglut\include\GL\freeglut_std.h(524,50): error C2146: syntax error: missing ')' before identifier 'innerRadius' (compiling source file dda.cpp)
E:\Docs\Study\5th Sem\Computer Graphics\Glew and Glut\freeglut\include\GL\freeglut_std.h(525,42): error C2065: 'GLdouble': undeclared identifier (compiling source file dda.cpp)
E:\Docs\Study\5th Sem\Computer Graphics\Glew and Glut\freeglut\include\GL\freeglut_std.h(525,51): error C2146: syntax error: missing ')' before identifier 'innerRadius' (compiling source file dda.cpp)
E:\Docs\Study\5th Sem\Computer Graphics\Glew and Glut\freeglut\include\GL\freeglut_std.h(539,42): error C2065: 'GLdouble': undeclared identifier (compiling source file dda.cpp)
E:\Docs\Study\5th Sem\Computer Graphics\Glew and Glut\freeglut\include\GL\freeglut_std.h(539,51): error C2146: syntax error: missing ')' before identifier 'size' (compiling source file dda.cpp)
E:\Docs\Study\5th Sem\Computer Graphics\Glew and Glut\freeglut\include\GL\freeglut_std.h(540,43): error C2065: 'GLdouble': undeclared identifier (compiling source file dda.cpp)
E:\Docs\Study\5th Sem\Computer Graphics\Glew and Glut\freeglut\include\GL\freeglut_std.h(540,52): error C2146: syntax error: missing ')' before identifier 'size' (compiling source file dda.cpp)
E:\Docs\Study\5th Sem\Computer Graphics\Glew and Glut\freeglut\include\GL\freeglut_std.h(548,43): error C2065: 'GLenum': undeclared identifier (compiling source file dda.cpp)
E:\Docs\Study\5th Sem\Computer Graphics\Glew and Glut\freeglut\include\GL\freeglut_std.h(548,50): error C2146: syntax error: missing ')' before identifier 'query' (compiling source file dda.cpp)
E:\Docs\Study\5th Sem\Computer Graphics\Glew and Glut\freeglut\include\GL\freeglut_std.h(553,46): error C2065: 'GLenum': undeclared identifier (compiling source file dda.cpp)
E:\Docs\Study\5th Sem\Computer Graphics\Glew and Glut\freeglut\include\GL\freeglut_std.h(553,53): error C2146: syntax error: missing ')' before identifier 'query' (compiling source file dda.cpp)
E:\Docs\Study\5th Sem\Computer Graphics\Glew and Glut\freeglut\include\GL\freeglut_std.h(562,51): error C2061: syntax error: identifier 'GLfloat' (compiling source file dda.cpp)
E:\Docs\Study\5th Sem\Computer Graphics\Glew and Glut\freeglut\include\GL\freeglut_std.h(563,15): error C2143: syntax error: missing ';' before '__stdcall' (compiling source file dda.cpp)
E:\Docs\Study\5th Sem\Computer Graphics\Glew and Glut\freeglut\include\GL\freeglut_std.h(563,15): error C4430: missing type specifier - int assumed. Note: C++ does not support default-int (compiling source file dda.cpp)
E:\Docs\Study\5th Sem\Computer Graphics\Glew and Glut\freeglut\include\GL\freeglut_std.h(563,66): error C4430: missing type specifier - int assumed. Note: C++ does not support default-int (compiling source file dda.cpp)
E:\Docs\Coding_Projects\C++\Computer Graphics\Lab\dda.cpp(14,13): warning C4244: '=': conversion from 'int' to 'float', possible loss of data
E:\Docs\Coding_Projects\C++\Computer Graphics\Lab\dda.cpp(15,13): warning C4244: '=': conversion from 'int' to 'float', possible loss of data
E:\Docs\Coding_Projects\C++\Computer Graphics\Lab\dda.cpp(18,20): warning C4244: '=': conversion from 'float' to 'int', possible loss of data
E:\Docs\Coding_Projects\C++\Computer Graphics\Lab\dda.cpp(20,20): warning C4244: '=': conversion from 'float' to 'int', possible loss of data
E:\Docs\Coding_Projects\C++\Computer Graphics\Lab\dda.cpp(25,9): warning C4244: '=': conversion from 'int' to 'float', possible loss of data
E:\Docs\Coding_Projects\C++\Computer Graphics\Lab\dda.cpp(26,9): warning C4244: '=': conversion from 'int' to 'float', possible loss of data
E:\Docs\Coding_Projects\C++\Computer Graphics\Lab\dda.cpp(37,11): warning C4244: 'initializing': conversion from 'double' to 'int', possible loss of data
E:\Docs\Coding_Projects\C++\Computer Graphics\Lab\dda.cpp(42,5): error C3861: 'glColor3f': identifier not found
E:\Docs\Coding_Projects\C++\Computer Graphics\Lab\dda.cpp(43,5): error C3861: 'glPointSize': identifier not found
E:\Docs\Coding_Projects\C++\Computer Graphics\Lab\dda.cpp(44,13): error C2065: 'GL_POINTS': undeclared identifier
E:\Docs\Coding_Projects\C++\Computer Graphics\Lab\dda.cpp(44,5): error C3861: 'glBegin': identifier not found
E:\Docs\Coding_Projects\C++\Computer Graphics\Lab\dda.cpp(45,5): error C3861: 'glVertex2i': identifier not found
E:\Docs\Coding_Projects\C++\Computer Graphics\Lab\dda.cpp(46,5): error C3861: 'glEnd': identifier not found
E:\Docs\Coding_Projects\C++\Computer Graphics\Lab\dda.cpp(50,5): error C3861: 'glClearColor': identifier not found
E:\Docs\Coding_Projects\C++\Computer Graphics\Lab\dda.cpp(51,18): error C2065: 'GL_PROJECTION': undeclared identifier
E:\Docs\Coding_Projects\C++\Computer Graphics\Lab\dda.cpp(51,5): error C3861: 'glMatrixMode': identifier not found
E:\Docs\Coding_Projects\C++\Computer Graphics\Lab\dda.cpp(52,5): error C3861: 'gluOrtho2D': identifier not found
E:\Docs\Coding_Projects\C++\Computer Graphics\Lab\dda.cpp(56,13): error C2065: 'GL_COLOR_BUFFER_BIT': undeclared identifier
E:\Docs\Coding_Projects\C++\Computer Graphics\Lab\dda.cpp(56,5): error C3861: 'glClear': identifier not found
E:\Docs\Coding_Projects\C++\Computer Graphics\Lab\dda.cpp(58,5): error C3861: 'glFlush': identifier not found
E:\Docs\Coding_Projects\C++\Computer Graphics\Lab\dda.cpp(60,1): warning C4447: 'main' signature found without threading model. Consider using 'int main(Platform::Array<Platform::String^>^ args)'.
C:\Program Files (x86)\Windows Kits\10\bin\10.0.19041.0\XamlCompiler\Microsoft.Windows.UI.Xaml.Common.targets(486,5): error MSB4181: The "CompileXaml" task returned false but did not log an error.
