d:\bishad\creation center\opengl\opengl crash course\x64\debug\vc142.pdb
d:\bishad\creation center\opengl\opengl crash course\x64\debug\vc142.idb
d:\bishad\creation center\opengl\opengl crash course\x64\debug\glad.obj
d:\bishad\creation center\opengl\opengl crash course\x64\debug\main.obj
d:\bishad\creation center\opengl\opengl crash course\x64\debug\opengl crash course.exe
d:\bishad\creation center\opengl\opengl crash course\x64\debug\opengl crash course.ilk
d:\bishad\creation center\opengl\opengl crash course\x64\debug\opengl crash course.pdb
e:\docs\coding_projects\c++\computer graphics\marching cubes\opengl crash course\x64\debug\glad.obj
e:\docs\coding_projects\c++\computer graphics\marching cubes\opengl crash course\x64\debug\main.obj
e:\docs\coding_projects\c++\computer graphics\marching cubes\opengl crash course\x64\debug\opengl crash course.ilk
e:\docs\coding_projects\c++\computer graphics\marching cubes\opengl crash course\x64\debug\vc142.idb
e:\docs\coding_projects\c++\computer graphics\marching cubes\opengl crash course\x64\debug\opengl crash course.pdb
e:\docs\coding_projects\c++\computer graphics\marching cubes\opengl crash course\x64\debug\vc142.pdb
e:\docs\coding_projects\c++\computer graphics\marching cubes\opengl crash course\x64\debug\opengl crash course.exe
e:\docs\coding_projects\c++\computer graphics\marching cubes\opengl crash course\x64\debug\opengl c.bf711313.tlog\cl.command.1.tlog
e:\docs\coding_projects\c++\computer graphics\marching cubes\opengl crash course\x64\debug\opengl c.bf711313.tlog\cl.read.1.tlog
e:\docs\coding_projects\c++\computer graphics\marching cubes\opengl crash course\x64\debug\opengl c.bf711313.tlog\cl.write.1.tlog
e:\docs\coding_projects\c++\computer graphics\marching cubes\opengl crash course\x64\debug\opengl c.bf711313.tlog\link.command.1.tlog
e:\docs\coding_projects\c++\computer graphics\marching cubes\opengl crash course\x64\debug\opengl c.bf711313.tlog\link.read.1.tlog
e:\docs\coding_projects\c++\computer graphics\marching cubes\opengl crash course\x64\debug\opengl c.bf711313.tlog\link.write.1.tlog
